   1               		.file	"usart.c"
   2               	__SREG__ = 0x3f
   3               	__SP_H__ = 0x3e
   4               	__SP_L__ = 0x3d
   5               	__CCP__  = 0x34
   6               	__tmp_reg__ = 0
   7               	__zero_reg__ = 1
  15               	.Ltext0:
  16               		.section	.text.USART_init,"ax",@progbits
  17               	.global	USART_init
  19               	USART_init:
  20               	.LFB2:
  21               	.LSM0:
  22               	.LVL0:
  23               	/* prologue: function */
  24               	/* frame size = 0 */
  25               	.LSM1:
  26 0000 9093 CD00 		sts (204)+1,r25
  27 0004 8093 CC00 		sts 204,r24
  28               	.LSM2:
  29 0008 88E1      		ldi r24,lo8(24)
  30               	.LVL1:
  31 000a 8093 C900 		sts 201,r24
  32               	.LSM3:
  33 000e 86E0      		ldi r24,lo8(6)
  34 0010 8093 CA00 		sts 202,r24
  35               	/* epilogue start */
  36               	.LSM4:
  37 0014 0895      		ret
  38               	.LFE2:
  40               		.section	.text.USART_transmit,"ax",@progbits
  41               	.global	USART_transmit
  43               	USART_transmit:
  44               	.LFB3:
  45               	.LSM5:
  46               	.LVL2:
  47               	/* prologue: function */
  48               	/* frame size = 0 */
  49 0000 982F      		mov r25,r24
  50               	.LVL3:
  51               	.L4:
  52               	.LSM6:
  53 0002 8091 C800 		lds r24,200
  54 0006 85FF      		sbrs r24,5
  55 0008 00C0      		rjmp .L4
  56               	.LSM7:
  57 000a 9093 CE00 		sts 206,r25
  58               	/* epilogue start */
  59               	.LSM8:
  60 000e 0895      		ret
  61               	.LFE3:
  63               		.section	.text.USART_available,"ax",@progbits
  64               	.global	USART_available
  66               	USART_available:
  67               	.LFB4:
  68               	.LSM9:
  69               	/* prologue: function */
  70               	/* frame size = 0 */
  71               	.LSM10:
  72 0000 8091 C800 		lds r24,200
  73               	.LSM11:
  74 0004 8078      		andi r24,lo8(-128)
  75               	/* epilogue start */
  76 0006 0895      		ret
  77               	.LFE4:
  79               		.section	.text.USART_receive,"ax",@progbits
  80               	.global	USART_receive
  82               	USART_receive:
  83               	.LFB5:
  84               	.LSM12:
  85               	/* prologue: function */
  86               	/* frame size = 0 */
  87               	.L10:
  88               	.LBB6:
  89               	.LBB7:
  90               	.LSM13:
  91 0000 8091 C800 		lds r24,200
  92               	.LBE7:
  93               	.LBE6:
  94               	.LSM14:
  95 0004 87FF      		sbrs r24,7
  96 0006 00C0      		rjmp .L10
  97               	.LSM15:
  98 0008 8091 CE00 		lds r24,206
  99               	/* epilogue start */
 100               	.LSM16:
 101 000c 0895      		ret
 102               	.LFE5:
 104               		.section	.text.USART_send_string,"ax",@progbits
 105               	.global	USART_send_string
 107               	USART_send_string:
 108               	.LFB6:
 109               	.LSM17:
 110               	.LVL4:
 111               	/* prologue: function */
 112               	/* frame size = 0 */
 113 0000 FC01      		movw r30,r24
 114 0002 00C0      		rjmp .L14
 115               	.LVL5:
 116               	.L17:
 117               	.LBB8:
 118               	.LBB9:
 119               	.LSM18:
 120 0004 8091 C800 		lds r24,200
 121 0008 85FF      		sbrs r24,5
 122 000a 00C0      		rjmp .L17
 123               	.LSM19:
 124 000c 9093 CE00 		sts 206,r25
 125               	.LBE9:
 126               	.LBE8:
 127               	.LSM20:
 128 0010 3196      		adiw r30,1
 129               	.LVL6:
 130               	.L14:
 131               	.LSM21:
 132 0012 9081      		ld r25,Z
 133 0014 9923      		tst r25
 134 0016 01F4      		brne .L17
 135               	/* epilogue start */
 136               	.LSM22:
 137 0018 0895      		ret
 138               	.LFE6:
 196               	.Letext0:
DEFINED SYMBOLS
                            *ABS*:00000000 usart.c
C:\Users\Kamal\AppData\Local\Temp/ccpBn4qe.s:2      *ABS*:0000003f __SREG__
C:\Users\Kamal\AppData\Local\Temp/ccpBn4qe.s:3      *ABS*:0000003e __SP_H__
C:\Users\Kamal\AppData\Local\Temp/ccpBn4qe.s:4      *ABS*:0000003d __SP_L__
C:\Users\Kamal\AppData\Local\Temp/ccpBn4qe.s:5      *ABS*:00000034 __CCP__
C:\Users\Kamal\AppData\Local\Temp/ccpBn4qe.s:6      *ABS*:00000000 __tmp_reg__
C:\Users\Kamal\AppData\Local\Temp/ccpBn4qe.s:7      *ABS*:00000001 __zero_reg__
C:\Users\Kamal\AppData\Local\Temp/ccpBn4qe.s:19     .text.USART_init:00000000 USART_init
C:\Users\Kamal\AppData\Local\Temp/ccpBn4qe.s:43     .text.USART_transmit:00000000 USART_transmit
C:\Users\Kamal\AppData\Local\Temp/ccpBn4qe.s:66     .text.USART_available:00000000 USART_available
C:\Users\Kamal\AppData\Local\Temp/ccpBn4qe.s:82     .text.USART_receive:00000000 USART_receive
C:\Users\Kamal\AppData\Local\Temp/ccpBn4qe.s:107    .text.USART_send_string:00000000 USART_send_string

NO UNDEFINED SYMBOLS
